{"/Users/pedroapfilho/conductor/workspaces/vertigo-sdk/mumbai/src/client.ts": {"path":"/Users/pedroapfilho/conductor/workspaces/vertigo-sdk/mumbai/src/client.ts","all":false,"statementMap":{"0":{"start":{"line":1,"column":0},"end":{"line":1,"column":63}},"2":{"start":{"line":3,"column":0},"end":{"line":3,"column":8}},"10":{"start":{"line":11,"column":0},"end":{"line":11,"column":52}},"12":{"start":{"line":13,"column":0},"end":{"line":13,"column":35}},"13":{"start":{"line":14,"column":0},"end":{"line":14,"column":37}},"28":{"start":{"line":29,"column":0},"end":{"line":29,"column":24}},"29":{"start":{"line":30,"column":0},"end":{"line":30,"column":87}},"30":{"start":{"line":31,"column":0},"end":{"line":31,"column":31}},"32":{"start":{"line":33,"column":0},"end":{"line":33,"column":42}},"33":{"start":{"line":34,"column":0},"end":{"line":34,"column":34}},"34":{"start":{"line":35,"column":0},"end":{"line":35,"column":22}},"35":{"start":{"line":36,"column":0},"end":{"line":36,"column":1}},"37":{"start":{"line":38,"column":0},"end":{"line":38,"column":28}},"38":{"start":{"line":39,"column":0},"end":{"line":39,"column":35}},"39":{"start":{"line":40,"column":0},"end":{"line":40,"column":27}},"40":{"start":{"line":41,"column":0},"end":{"line":41,"column":31}},"41":{"start":{"line":42,"column":0},"end":{"line":42,"column":37}},"43":{"start":{"line":44,"column":0},"end":{"line":44,"column":14}},"44":{"start":{"line":45,"column":0},"end":{"line":45,"column":29}},"45":{"start":{"line":46,"column":0},"end":{"line":46,"column":31}},"46":{"start":{"line":47,"column":0},"end":{"line":47,"column":5}},"47":{"start":{"line":48,"column":0},"end":{"line":48,"column":28}},"48":{"start":{"line":49,"column":0},"end":{"line":49,"column":59}},"50":{"start":{"line":51,"column":0},"end":{"line":51,"column":72}},"51":{"start":{"line":52,"column":0},"end":{"line":52,"column":45}},"53":{"start":{"line":54,"column":0},"end":{"line":54,"column":34}},"54":{"start":{"line":55,"column":0},"end":{"line":55,"column":33}},"55":{"start":{"line":56,"column":0},"end":{"line":56,"column":33}},"56":{"start":{"line":57,"column":0},"end":{"line":57,"column":6}},"57":{"start":{"line":58,"column":0},"end":{"line":58,"column":3}},"61":{"start":{"line":62,"column":0},"end":{"line":62,"column":76}},"62":{"start":{"line":63,"column":0},"end":{"line":63,"column":44}},"63":{"start":{"line":64,"column":0},"end":{"line":64,"column":85}},"64":{"start":{"line":65,"column":0},"end":{"line":65,"column":21}},"65":{"start":{"line":66,"column":0},"end":{"line":66,"column":8}},"66":{"start":{"line":67,"column":0},"end":{"line":67,"column":3}},"68":{"start":{"line":69,"column":0},"end":{"line":69,"column":57}},"69":{"start":{"line":70,"column":0},"end":{"line":70,"column":44}},"70":{"start":{"line":71,"column":0},"end":{"line":71,"column":41}},"71":{"start":{"line":72,"column":0},"end":{"line":72,"column":21}},"72":{"start":{"line":73,"column":0},"end":{"line":73,"column":8}},"73":{"start":{"line":74,"column":0},"end":{"line":74,"column":3}},"77":{"start":{"line":78,"column":0},"end":{"line":78,"column":53}},"78":{"start":{"line":79,"column":0},"end":{"line":79,"column":75}},"79":{"start":{"line":80,"column":0},"end":{"line":80,"column":23}},"80":{"start":{"line":81,"column":0},"end":{"line":81,"column":59}},"81":{"start":{"line":82,"column":0},"end":{"line":82,"column":5}},"83":{"start":{"line":84,"column":0},"end":{"line":84,"column":80}},"85":{"start":{"line":86,"column":0},"end":{"line":86,"column":12}},"86":{"start":{"line":87,"column":0},"end":{"line":87,"column":20}},"87":{"start":{"line":88,"column":0},"end":{"line":88,"column":27}},"88":{"start":{"line":89,"column":0},"end":{"line":89,"column":27}},"89":{"start":{"line":90,"column":0},"end":{"line":90,"column":27}},"90":{"start":{"line":91,"column":0},"end":{"line":91,"column":64}},"91":{"start":{"line":92,"column":0},"end":{"line":92,"column":64}},"92":{"start":{"line":93,"column":0},"end":{"line":93,"column":46}},"93":{"start":{"line":94,"column":0},"end":{"line":94,"column":54}},"94":{"start":{"line":95,"column":0},"end":{"line":95,"column":58}},"95":{"start":{"line":96,"column":0},"end":{"line":96,"column":31}},"96":{"start":{"line":97,"column":0},"end":{"line":97,"column":18}},"97":{"start":{"line":98,"column":0},"end":{"line":98,"column":86}},"98":{"start":{"line":99,"column":0},"end":{"line":99,"column":39}},"99":{"start":{"line":100,"column":0},"end":{"line":100,"column":53}},"100":{"start":{"line":101,"column":0},"end":{"line":101,"column":71}},"101":{"start":{"line":102,"column":0},"end":{"line":102,"column":66}},"102":{"start":{"line":103,"column":0},"end":{"line":103,"column":8}},"103":{"start":{"line":104,"column":0},"end":{"line":104,"column":5}},"104":{"start":{"line":105,"column":0},"end":{"line":105,"column":3}},"108":{"start":{"line":109,"column":0},"end":{"line":109,"column":51}},"109":{"start":{"line":110,"column":0},"end":{"line":110,"column":45}},"110":{"start":{"line":111,"column":0},"end":{"line":111,"column":43}},"111":{"start":{"line":112,"column":0},"end":{"line":112,"column":45}},"112":{"start":{"line":113,"column":0},"end":{"line":113,"column":43}},"113":{"start":{"line":114,"column":0},"end":{"line":114,"column":42}},"114":{"start":{"line":115,"column":0},"end":{"line":115,"column":60}},"115":{"start":{"line":116,"column":0},"end":{"line":116,"column":6}},"117":{"start":{"line":118,"column":0},"end":{"line":118,"column":60}},"118":{"start":{"line":119,"column":0},"end":{"line":119,"column":65}},"120":{"start":{"line":121,"column":0},"end":{"line":121,"column":12}},"121":{"start":{"line":122,"column":0},"end":{"line":122,"column":18}},"122":{"start":{"line":123,"column":0},"end":{"line":123,"column":38}},"123":{"start":{"line":124,"column":0},"end":{"line":124,"column":48}},"124":{"start":{"line":125,"column":0},"end":{"line":125,"column":40}},"125":{"start":{"line":126,"column":0},"end":{"line":126,"column":5}},"126":{"start":{"line":127,"column":0},"end":{"line":127,"column":3}},"128":{"start":{"line":129,"column":0},"end":{"line":129,"column":69}},"129":{"start":{"line":130,"column":0},"end":{"line":130,"column":79}},"130":{"start":{"line":131,"column":0},"end":{"line":131,"column":3}},"132":{"start":{"line":133,"column":0},"end":{"line":133,"column":66}},"133":{"start":{"line":134,"column":0},"end":{"line":134,"column":79}},"134":{"start":{"line":135,"column":0},"end":{"line":135,"column":3}},"138":{"start":{"line":139,"column":0},"end":{"line":139,"column":68}},"139":{"start":{"line":140,"column":0},"end":{"line":140,"column":70}},"140":{"start":{"line":141,"column":0},"end":{"line":141,"column":70}},"142":{"start":{"line":143,"column":0},"end":{"line":143,"column":31}},"143":{"start":{"line":144,"column":0},"end":{"line":144,"column":12}},"144":{"start":{"line":145,"column":0},"end":{"line":145,"column":34}},"145":{"start":{"line":146,"column":0},"end":{"line":146,"column":32}},"146":{"start":{"line":147,"column":0},"end":{"line":147,"column":8}},"147":{"start":{"line":148,"column":0},"end":{"line":148,"column":17}},"148":{"start":{"line":149,"column":0},"end":{"line":149,"column":24}},"149":{"start":{"line":150,"column":0},"end":{"line":150,"column":24}},"150":{"start":{"line":151,"column":0},"end":{"line":151,"column":26}},"151":{"start":{"line":152,"column":0},"end":{"line":152,"column":26}},"152":{"start":{"line":153,"column":0},"end":{"line":153,"column":26}},"153":{"start":{"line":154,"column":0},"end":{"line":154,"column":30}},"154":{"start":{"line":155,"column":0},"end":{"line":155,"column":30}},"155":{"start":{"line":156,"column":0},"end":{"line":156,"column":15}},"156":{"start":{"line":157,"column":0},"end":{"line":157,"column":15}},"157":{"start":{"line":158,"column":0},"end":{"line":158,"column":62}},"158":{"start":{"line":159,"column":0},"end":{"line":159,"column":62}},"159":{"start":{"line":160,"column":0},"end":{"line":160,"column":47}},"160":{"start":{"line":161,"column":0},"end":{"line":161,"column":32}},"161":{"start":{"line":162,"column":0},"end":{"line":162,"column":8}},"162":{"start":{"line":163,"column":0},"end":{"line":163,"column":20}},"163":{"start":{"line":164,"column":0},"end":{"line":164,"column":3}},"165":{"start":{"line":166,"column":0},"end":{"line":166,"column":70}},"166":{"start":{"line":167,"column":0},"end":{"line":167,"column":70}},"167":{"start":{"line":168,"column":0},"end":{"line":168,"column":70}},"169":{"start":{"line":170,"column":0},"end":{"line":170,"column":31}},"170":{"start":{"line":171,"column":0},"end":{"line":171,"column":13}},"171":{"start":{"line":172,"column":0},"end":{"line":172,"column":34}},"172":{"start":{"line":173,"column":0},"end":{"line":173,"column":32}},"173":{"start":{"line":174,"column":0},"end":{"line":174,"column":8}},"174":{"start":{"line":175,"column":0},"end":{"line":175,"column":17}},"175":{"start":{"line":176,"column":0},"end":{"line":176,"column":24}},"176":{"start":{"line":177,"column":0},"end":{"line":177,"column":24}},"177":{"start":{"line":178,"column":0},"end":{"line":178,"column":26}},"178":{"start":{"line":179,"column":0},"end":{"line":179,"column":26}},"179":{"start":{"line":180,"column":0},"end":{"line":180,"column":26}},"180":{"start":{"line":181,"column":0},"end":{"line":181,"column":30}},"181":{"start":{"line":182,"column":0},"end":{"line":182,"column":30}},"182":{"start":{"line":183,"column":0},"end":{"line":183,"column":15}},"183":{"start":{"line":184,"column":0},"end":{"line":184,"column":15}},"184":{"start":{"line":185,"column":0},"end":{"line":185,"column":62}},"185":{"start":{"line":186,"column":0},"end":{"line":186,"column":62}},"186":{"start":{"line":187,"column":0},"end":{"line":187,"column":47}},"187":{"start":{"line":188,"column":0},"end":{"line":188,"column":32}},"188":{"start":{"line":189,"column":0},"end":{"line":189,"column":8}},"189":{"start":{"line":190,"column":0},"end":{"line":190,"column":20}},"190":{"start":{"line":191,"column":0},"end":{"line":191,"column":3}},"192":{"start":{"line":193,"column":0},"end":{"line":193,"column":74}},"193":{"start":{"line":194,"column":0},"end":{"line":194,"column":78}},"194":{"start":{"line":195,"column":0},"end":{"line":195,"column":65}},"195":{"start":{"line":196,"column":0},"end":{"line":196,"column":65}},"197":{"start":{"line":198,"column":0},"end":{"line":198,"column":31}},"198":{"start":{"line":199,"column":0},"end":{"line":199,"column":15}},"199":{"start":{"line":200,"column":0},"end":{"line":200,"column":32}},"200":{"start":{"line":201,"column":0},"end":{"line":201,"column":64}},"201":{"start":{"line":202,"column":0},"end":{"line":202,"column":20}},"202":{"start":{"line":203,"column":0},"end":{"line":203,"column":72}},"203":{"start":{"line":204,"column":0},"end":{"line":204,"column":38}},"204":{"start":{"line":205,"column":0},"end":{"line":205,"column":52}},"205":{"start":{"line":206,"column":0},"end":{"line":206,"column":70}},"206":{"start":{"line":207,"column":0},"end":{"line":207,"column":52}},"207":{"start":{"line":208,"column":0},"end":{"line":208,"column":10}},"208":{"start":{"line":209,"column":0},"end":{"line":209,"column":8}},"209":{"start":{"line":210,"column":0},"end":{"line":210,"column":17}},"210":{"start":{"line":211,"column":0},"end":{"line":211,"column":26}},"211":{"start":{"line":212,"column":0},"end":{"line":212,"column":26}},"212":{"start":{"line":213,"column":0},"end":{"line":213,"column":56}},"213":{"start":{"line":214,"column":0},"end":{"line":214,"column":26}},"214":{"start":{"line":215,"column":0},"end":{"line":215,"column":26}},"215":{"start":{"line":216,"column":0},"end":{"line":216,"column":40}},"216":{"start":{"line":217,"column":0},"end":{"line":217,"column":13}},"217":{"start":{"line":218,"column":0},"end":{"line":218,"column":15}},"218":{"start":{"line":219,"column":0},"end":{"line":219,"column":15}},"219":{"start":{"line":220,"column":0},"end":{"line":220,"column":62}},"220":{"start":{"line":221,"column":0},"end":{"line":221,"column":62}},"221":{"start":{"line":222,"column":0},"end":{"line":222,"column":47}},"222":{"start":{"line":223,"column":0},"end":{"line":223,"column":33}},"223":{"start":{"line":224,"column":0},"end":{"line":224,"column":8}},"224":{"start":{"line":225,"column":0},"end":{"line":225,"column":20}},"225":{"start":{"line":226,"column":0},"end":{"line":226,"column":3}},"227":{"start":{"line":228,"column":0},"end":{"line":228,"column":72}},"228":{"start":{"line":229,"column":0},"end":{"line":229,"column":70}},"230":{"start":{"line":231,"column":0},"end":{"line":231,"column":31}},"231":{"start":{"line":232,"column":0},"end":{"line":232,"column":14}},"232":{"start":{"line":233,"column":0},"end":{"line":233,"column":17}},"233":{"start":{"line":234,"column":0},"end":{"line":234,"column":24}},"234":{"start":{"line":235,"column":0},"end":{"line":235,"column":47}},"235":{"start":{"line":236,"column":0},"end":{"line":236,"column":30}},"236":{"start":{"line":237,"column":0},"end":{"line":237,"column":26}},"237":{"start":{"line":238,"column":0},"end":{"line":238,"column":15}},"238":{"start":{"line":239,"column":0},"end":{"line":239,"column":38}},"239":{"start":{"line":240,"column":0},"end":{"line":240,"column":62}},"240":{"start":{"line":241,"column":0},"end":{"line":241,"column":8}},"241":{"start":{"line":242,"column":0},"end":{"line":242,"column":20}},"242":{"start":{"line":243,"column":0},"end":{"line":243,"column":3}},"246":{"start":{"line":247,"column":0},"end":{"line":247,"column":45}},"247":{"start":{"line":248,"column":0},"end":{"line":248,"column":42}},"248":{"start":{"line":249,"column":0},"end":{"line":249,"column":40}},"249":{"start":{"line":250,"column":0},"end":{"line":250,"column":63}},"250":{"start":{"line":251,"column":0},"end":{"line":251,"column":3}},"252":{"start":{"line":253,"column":0},"end":{"line":253,"column":47}},"253":{"start":{"line":254,"column":0},"end":{"line":254,"column":43}},"254":{"start":{"line":255,"column":0},"end":{"line":255,"column":40}},"255":{"start":{"line":256,"column":0},"end":{"line":256,"column":63}},"256":{"start":{"line":257,"column":0},"end":{"line":257,"column":3}},"258":{"start":{"line":259,"column":0},"end":{"line":259,"column":51}},"259":{"start":{"line":260,"column":0},"end":{"line":260,"column":45}},"260":{"start":{"line":261,"column":0},"end":{"line":261,"column":40}},"261":{"start":{"line":262,"column":0},"end":{"line":262,"column":63}},"262":{"start":{"line":263,"column":0},"end":{"line":263,"column":3}},"264":{"start":{"line":265,"column":0},"end":{"line":265,"column":49}},"265":{"start":{"line":266,"column":0},"end":{"line":266,"column":44}},"266":{"start":{"line":267,"column":0},"end":{"line":267,"column":40}},"267":{"start":{"line":268,"column":0},"end":{"line":268,"column":63}},"268":{"start":{"line":269,"column":0},"end":{"line":269,"column":3}},"272":{"start":{"line":273,"column":0},"end":{"line":273,"column":57}},"273":{"start":{"line":274,"column":0},"end":{"line":274,"column":45}},"274":{"start":{"line":275,"column":0},"end":{"line":275,"column":17}},"275":{"start":{"line":276,"column":0},"end":{"line":276,"column":34}},"276":{"start":{"line":277,"column":0},"end":{"line":277,"column":32}},"277":{"start":{"line":278,"column":0},"end":{"line":278,"column":8}},"278":{"start":{"line":279,"column":0},"end":{"line":279,"column":17}},"279":{"start":{"line":280,"column":0},"end":{"line":280,"column":24}},"280":{"start":{"line":281,"column":0},"end":{"line":281,"column":26}},"281":{"start":{"line":282,"column":0},"end":{"line":282,"column":24}},"282":{"start":{"line":283,"column":0},"end":{"line":283,"column":26}},"283":{"start":{"line":284,"column":0},"end":{"line":284,"column":26}},"284":{"start":{"line":285,"column":0},"end":{"line":285,"column":32}},"285":{"start":{"line":286,"column":0},"end":{"line":286,"column":8}},"286":{"start":{"line":287,"column":0},"end":{"line":287,"column":13}},"288":{"start":{"line":289,"column":0},"end":{"line":289,"column":12}},"289":{"start":{"line":290,"column":0},"end":{"line":290,"column":49}},"290":{"start":{"line":291,"column":0},"end":{"line":291,"column":49}},"291":{"start":{"line":292,"column":0},"end":{"line":292,"column":43}},"292":{"start":{"line":293,"column":0},"end":{"line":293,"column":5}},"293":{"start":{"line":294,"column":0},"end":{"line":294,"column":3}},"295":{"start":{"line":296,"column":0},"end":{"line":296,"column":58}},"296":{"start":{"line":297,"column":0},"end":{"line":297,"column":45}},"297":{"start":{"line":298,"column":0},"end":{"line":298,"column":18}},"298":{"start":{"line":299,"column":0},"end":{"line":299,"column":34}},"299":{"start":{"line":300,"column":0},"end":{"line":300,"column":32}},"300":{"start":{"line":301,"column":0},"end":{"line":301,"column":8}},"301":{"start":{"line":302,"column":0},"end":{"line":302,"column":17}},"302":{"start":{"line":303,"column":0},"end":{"line":303,"column":24}},"303":{"start":{"line":304,"column":0},"end":{"line":304,"column":26}},"304":{"start":{"line":305,"column":0},"end":{"line":305,"column":24}},"305":{"start":{"line":306,"column":0},"end":{"line":306,"column":26}},"306":{"start":{"line":307,"column":0},"end":{"line":307,"column":26}},"307":{"start":{"line":308,"column":0},"end":{"line":308,"column":32}},"308":{"start":{"line":309,"column":0},"end":{"line":309,"column":8}},"309":{"start":{"line":310,"column":0},"end":{"line":310,"column":13}},"311":{"start":{"line":312,"column":0},"end":{"line":312,"column":12}},"312":{"start":{"line":313,"column":0},"end":{"line":313,"column":49}},"313":{"start":{"line":314,"column":0},"end":{"line":314,"column":49}},"314":{"start":{"line":315,"column":0},"end":{"line":315,"column":43}},"315":{"start":{"line":316,"column":0},"end":{"line":316,"column":5}},"316":{"start":{"line":317,"column":0},"end":{"line":317,"column":3}},"317":{"start":{"line":318,"column":0},"end":{"line":318,"column":1}}},"s":{"0":1,"2":1,"10":1,"12":1,"13":1,"28":1,"29":1,"30":1,"32":1,"33":53,"34":48,"35":48,"37":1,"38":42,"39":42,"40":42,"41":42,"43":42,"44":42,"45":42,"46":42,"47":42,"48":42,"50":42,"51":42,"53":42,"54":42,"55":42,"56":42,"57":42,"61":42,"62":11,"63":11,"64":11,"65":11,"66":11,"68":42,"69":44,"70":44,"71":44,"72":44,"73":44,"77":42,"78":3,"79":3,"80":1,"81":1,"83":2,"85":2,"86":2,"87":2,"88":2,"89":2,"90":2,"91":2,"92":2,"93":2,"94":2,"95":2,"96":2,"97":2,"98":2,"99":2,"100":3,"101":3,"102":3,"103":3,"104":3,"108":42,"109":3,"110":3,"111":3,"112":3,"113":3,"114":3,"115":3,"117":3,"118":3,"120":3,"121":3,"122":3,"123":3,"124":3,"125":3,"126":3,"128":42,"129":1,"130":1,"132":42,"133":5,"134":5,"138":42,"139":8,"140":8,"142":8,"143":8,"144":8,"145":8,"146":8,"147":8,"148":8,"149":8,"150":8,"151":8,"152":8,"153":8,"154":8,"155":8,"156":8,"157":8,"158":8,"159":8,"160":8,"161":8,"162":8,"163":8,"165":42,"166":3,"167":3,"169":3,"170":3,"171":3,"172":3,"173":3,"174":3,"175":3,"176":3,"177":3,"178":3,"179":3,"180":3,"181":3,"182":3,"183":3,"184":3,"185":3,"186":3,"187":3,"188":3,"189":3,"190":3,"192":42,"193":6,"194":6,"195":6,"197":6,"198":6,"199":6,"200":6,"201":6,"202":6,"203":6,"204":6,"205":6,"206":6,"207":6,"208":6,"209":6,"210":6,"211":6,"212":6,"213":6,"214":6,"215":6,"216":6,"217":6,"218":6,"219":6,"220":6,"221":6,"222":6,"223":6,"224":6,"225":6,"227":42,"228":3,"230":3,"231":3,"232":3,"233":3,"234":3,"235":3,"236":3,"237":3,"238":3,"239":3,"240":3,"241":3,"242":3,"246":42,"247":2,"248":2,"249":2,"250":2,"252":42,"253":1,"254":1,"255":1,"256":1,"258":42,"259":1,"260":1,"261":1,"262":1,"264":42,"265":1,"266":1,"267":1,"268":1,"272":42,"273":1,"274":1,"275":1,"276":1,"277":1,"278":1,"279":1,"280":1,"281":1,"282":1,"283":1,"284":1,"285":1,"286":1,"288":1,"289":1,"290":1,"291":1,"292":1,"293":1,"295":42,"296":1,"297":1,"298":1,"299":1,"300":1,"301":1,"302":1,"303":1,"304":1,"305":1,"306":1,"307":1,"308":1,"309":1,"311":1,"312":1,"313":1,"314":1,"315":1,"316":1,"317":42},"branchMap":{"0":{"type":"branch","line":33,"loc":{"start":{"line":33,"column":13},"end":{"line":36,"column":1}},"locations":[{"start":{"line":33,"column":13},"end":{"line":36,"column":1}}]},"1":{"type":"branch","line":34,"loc":{"start":{"line":34,"column":22},"end":{"line":34,"column":34}},"locations":[{"start":{"line":34,"column":22},"end":{"line":34,"column":34}}]},"2":{"type":"branch","line":34,"loc":{"start":{"line":34,"column":29},"end":{"line":36,"column":1}},"locations":[{"start":{"line":34,"column":29},"end":{"line":36,"column":1}}]},"3":{"type":"branch","line":38,"loc":{"start":{"line":38,"column":27},"end":{"line":318,"column":1}},"locations":[{"start":{"line":38,"column":27},"end":{"line":318,"column":1}}]},"4":{"type":"branch","line":44,"loc":{"start":{"line":44,"column":2},"end":{"line":58,"column":3}},"locations":[{"start":{"line":44,"column":2},"end":{"line":58,"column":3}}]},"5":{"type":"branch","line":49,"loc":{"start":{"line":49,"column":28},"end":{"line":49,"column":59}},"locations":[{"start":{"line":49,"column":28},"end":{"line":49,"column":59}}]},"6":{"type":"branch","line":62,"loc":{"start":{"line":62,"column":2},"end":{"line":67,"column":3}},"locations":[{"start":{"line":62,"column":2},"end":{"line":67,"column":3}}]},"7":{"type":"branch","line":69,"loc":{"start":{"line":69,"column":2},"end":{"line":74,"column":3}},"locations":[{"start":{"line":69,"column":2},"end":{"line":74,"column":3}}]},"8":{"type":"branch","line":78,"loc":{"start":{"line":78,"column":2},"end":{"line":105,"column":3}},"locations":[{"start":{"line":78,"column":2},"end":{"line":105,"column":3}}]},"9":{"type":"branch","line":80,"loc":{"start":{"line":80,"column":22},"end":{"line":82,"column":5}},"locations":[{"start":{"line":80,"column":22},"end":{"line":82,"column":5}}]},"10":{"type":"branch","line":82,"loc":{"start":{"line":82,"column":4},"end":{"line":101,"column":66}},"locations":[{"start":{"line":82,"column":4},"end":{"line":101,"column":66}}]},"11":{"type":"branch","line":101,"loc":{"start":{"line":101,"column":45},"end":{"line":101,"column":71}},"locations":[{"start":{"line":101,"column":45},"end":{"line":101,"column":71}}]},"12":{"type":"branch","line":109,"loc":{"start":{"line":109,"column":2},"end":{"line":127,"column":3}},"locations":[{"start":{"line":109,"column":2},"end":{"line":127,"column":3}}]},"13":{"type":"branch","line":115,"loc":{"start":{"line":115,"column":24},"end":{"line":115,"column":60}},"locations":[{"start":{"line":115,"column":24},"end":{"line":115,"column":60}}]},"14":{"type":"branch","line":129,"loc":{"start":{"line":129,"column":2},"end":{"line":131,"column":3}},"locations":[{"start":{"line":129,"column":2},"end":{"line":131,"column":3}}]},"15":{"type":"branch","line":133,"loc":{"start":{"line":133,"column":2},"end":{"line":135,"column":3}},"locations":[{"start":{"line":133,"column":2},"end":{"line":135,"column":3}}]},"16":{"type":"branch","line":139,"loc":{"start":{"line":139,"column":2},"end":{"line":164,"column":3}},"locations":[{"start":{"line":139,"column":2},"end":{"line":164,"column":3}}]},"17":{"type":"branch","line":140,"loc":{"start":{"line":140,"column":24},"end":{"line":140,"column":70}},"locations":[{"start":{"line":140,"column":24},"end":{"line":140,"column":70}}]},"18":{"type":"branch","line":141,"loc":{"start":{"line":141,"column":24},"end":{"line":141,"column":70}},"locations":[{"start":{"line":141,"column":24},"end":{"line":141,"column":70}}]},"19":{"type":"branch","line":158,"loc":{"start":{"line":158,"column":28},"end":{"line":158,"column":62}},"locations":[{"start":{"line":158,"column":28},"end":{"line":158,"column":62}}]},"20":{"type":"branch","line":159,"loc":{"start":{"line":159,"column":28},"end":{"line":159,"column":62}},"locations":[{"start":{"line":159,"column":28},"end":{"line":159,"column":62}}]},"21":{"type":"branch","line":166,"loc":{"start":{"line":166,"column":2},"end":{"line":191,"column":3}},"locations":[{"start":{"line":166,"column":2},"end":{"line":191,"column":3}}]},"22":{"type":"branch","line":193,"loc":{"start":{"line":193,"column":2},"end":{"line":226,"column":3}},"locations":[{"start":{"line":193,"column":2},"end":{"line":226,"column":3}}]},"23":{"type":"branch","line":194,"loc":{"start":{"line":194,"column":22},"end":{"line":194,"column":78}},"locations":[{"start":{"line":194,"column":22},"end":{"line":194,"column":78}}]},"24":{"type":"branch","line":195,"loc":{"start":{"line":195,"column":24},"end":{"line":195,"column":65}},"locations":[{"start":{"line":195,"column":24},"end":{"line":195,"column":65}}]},"25":{"type":"branch","line":196,"loc":{"start":{"line":196,"column":24},"end":{"line":196,"column":65}},"locations":[{"start":{"line":196,"column":24},"end":{"line":196,"column":65}}]},"26":{"type":"branch","line":206,"loc":{"start":{"line":206,"column":44},"end":{"line":206,"column":70}},"locations":[{"start":{"line":206,"column":44},"end":{"line":206,"column":70}}]},"27":{"type":"branch","line":228,"loc":{"start":{"line":228,"column":2},"end":{"line":243,"column":3}},"locations":[{"start":{"line":228,"column":2},"end":{"line":243,"column":3}}]},"28":{"type":"branch","line":229,"loc":{"start":{"line":229,"column":24},"end":{"line":229,"column":70}},"locations":[{"start":{"line":229,"column":24},"end":{"line":229,"column":70}}]},"29":{"type":"branch","line":247,"loc":{"start":{"line":247,"column":2},"end":{"line":251,"column":3}},"locations":[{"start":{"line":247,"column":2},"end":{"line":251,"column":3}}]},"30":{"type":"branch","line":250,"loc":{"start":{"line":250,"column":49},"end":{"line":250,"column":62}},"locations":[{"start":{"line":250,"column":49},"end":{"line":250,"column":62}}]},"31":{"type":"branch","line":253,"loc":{"start":{"line":253,"column":2},"end":{"line":257,"column":3}},"locations":[{"start":{"line":253,"column":2},"end":{"line":257,"column":3}}]},"32":{"type":"branch","line":259,"loc":{"start":{"line":259,"column":2},"end":{"line":263,"column":3}},"locations":[{"start":{"line":259,"column":2},"end":{"line":263,"column":3}}]},"33":{"type":"branch","line":265,"loc":{"start":{"line":265,"column":2},"end":{"line":269,"column":3}},"locations":[{"start":{"line":265,"column":2},"end":{"line":269,"column":3}}]},"34":{"type":"branch","line":273,"loc":{"start":{"line":273,"column":2},"end":{"line":294,"column":3}},"locations":[{"start":{"line":273,"column":2},"end":{"line":294,"column":3}}]},"35":{"type":"branch","line":296,"loc":{"start":{"line":296,"column":2},"end":{"line":317,"column":3}},"locations":[{"start":{"line":296,"column":2},"end":{"line":317,"column":3}}]}},"b":{"0":[53],"1":[5],"2":[48],"3":[42],"4":[42],"5":[41],"6":[11],"7":[44],"8":[3],"9":[1],"10":[2],"11":[1],"12":[3],"13":[2],"14":[1],"15":[5],"16":[8],"17":[7],"18":[7],"19":[7],"20":[7],"21":[3],"22":[6],"23":[5],"24":[5],"25":[5],"26":[5],"27":[3],"28":[2],"29":[2],"30":[1],"31":[1],"32":[1],"33":[1],"34":[1],"35":[1]},"fnMap":{"0":{"name":"toBN","decl":{"start":{"line":33,"column":13},"end":{"line":36,"column":1}},"loc":{"start":{"line":33,"column":13},"end":{"line":36,"column":1}},"line":33},"1":{"name":"<instance_members_initializer>","decl":{"start":{"line":38,"column":27},"end":{"line":318,"column":1}},"loc":{"start":{"line":38,"column":27},"end":{"line":318,"column":1}},"line":38},"2":{"name":"VertigoClient","decl":{"start":{"line":44,"column":2},"end":{"line":58,"column":3}},"loc":{"start":{"line":44,"column":2},"end":{"line":58,"column":3}},"line":44},"3":{"name":"poolPda","decl":{"start":{"line":62,"column":2},"end":{"line":67,"column":3}},"loc":{"start":{"line":62,"column":2},"end":{"line":67,"column":3}},"line":62},"4":{"name":"vaultPda","decl":{"start":{"line":69,"column":2},"end":{"line":74,"column":3}},"loc":{"start":{"line":69,"column":2},"end":{"line":74,"column":3}},"line":69},"5":{"name":"getPool","decl":{"start":{"line":78,"column":2},"end":{"line":105,"column":3}},"loc":{"start":{"line":78,"column":2},"end":{"line":105,"column":3}},"line":78},"6":{"name":"swap","decl":{"start":{"line":109,"column":2},"end":{"line":127,"column":3}},"loc":{"start":{"line":109,"column":2},"end":{"line":127,"column":3}},"line":109},"7":{"name":"submitSwap","decl":{"start":{"line":129,"column":2},"end":{"line":131,"column":3}},"loc":{"start":{"line":129,"column":2},"end":{"line":131,"column":3}},"line":129},"8":{"name":"swapStatus","decl":{"start":{"line":133,"column":2},"end":{"line":135,"column":3}},"loc":{"start":{"line":133,"column":2},"end":{"line":135,"column":3}},"line":133},"9":{"name":"buildBuyIx","decl":{"start":{"line":139,"column":2},"end":{"line":164,"column":3}},"loc":{"start":{"line":139,"column":2},"end":{"line":164,"column":3}},"line":139},"10":{"name":"buildSellIx","decl":{"start":{"line":166,"column":2},"end":{"line":191,"column":3}},"loc":{"start":{"line":166,"column":2},"end":{"line":191,"column":3}},"line":166},"11":{"name":"buildCreateIx","decl":{"start":{"line":193,"column":2},"end":{"line":226,"column":3}},"loc":{"start":{"line":193,"column":2},"end":{"line":226,"column":3}},"line":193},"12":{"name":"buildClaimIx","decl":{"start":{"line":228,"column":2},"end":{"line":243,"column":3}},"loc":{"start":{"line":228,"column":2},"end":{"line":243,"column":3}},"line":228},"13":{"name":"buy","decl":{"start":{"line":247,"column":2},"end":{"line":251,"column":3}},"loc":{"start":{"line":247,"column":2},"end":{"line":251,"column":3}},"line":247},"14":{"name":"sell","decl":{"start":{"line":253,"column":2},"end":{"line":257,"column":3}},"loc":{"start":{"line":253,"column":2},"end":{"line":257,"column":3}},"line":253},"15":{"name":"create","decl":{"start":{"line":259,"column":2},"end":{"line":263,"column":3}},"loc":{"start":{"line":259,"column":2},"end":{"line":263,"column":3}},"line":259},"16":{"name":"claim","decl":{"start":{"line":265,"column":2},"end":{"line":269,"column":3}},"loc":{"start":{"line":265,"column":2},"end":{"line":269,"column":3}},"line":265},"17":{"name":"quoteBuy","decl":{"start":{"line":273,"column":2},"end":{"line":294,"column":3}},"loc":{"start":{"line":273,"column":2},"end":{"line":294,"column":3}},"line":273},"18":{"name":"quoteSell","decl":{"start":{"line":296,"column":2},"end":{"line":317,"column":3}},"loc":{"start":{"line":296,"column":2},"end":{"line":317,"column":3}},"line":296}},"f":{"0":53,"1":42,"2":42,"3":11,"4":44,"5":3,"6":3,"7":1,"8":5,"9":8,"10":3,"11":6,"12":3,"13":2,"14":1,"15":1,"16":1,"17":1,"18":1}}
,"/Users/pedroapfilho/conductor/workspaces/vertigo-sdk/mumbai/src/dflow.ts": {"path":"/Users/pedroapfilho/conductor/workspaces/vertigo-sdk/mumbai/src/dflow.ts","all":false,"statementMap":{"2":{"start":{"line":3,"column":0},"end":{"line":3,"column":54}},"3":{"start":{"line":4,"column":0},"end":{"line":4,"column":55}},"4":{"start":{"line":5,"column":0},"end":{"line":5,"column":33}},"32":{"start":{"line":33,"column":0},"end":{"line":33,"column":26}},"33":{"start":{"line":34,"column":0},"end":{"line":34,"column":33}},"34":{"start":{"line":35,"column":0},"end":{"line":35,"column":34}},"36":{"start":{"line":37,"column":0},"end":{"line":37,"column":41}},"37":{"start":{"line":38,"column":0},"end":{"line":38,"column":31}},"38":{"start":{"line":39,"column":0},"end":{"line":39,"column":83}},"39":{"start":{"line":40,"column":0},"end":{"line":40,"column":3}},"41":{"start":{"line":42,"column":0},"end":{"line":42,"column":73}},"42":{"start":{"line":43,"column":0},"end":{"line":43,"column":45}},"43":{"start":{"line":44,"column":0},"end":{"line":44,"column":34}},"44":{"start":{"line":45,"column":0},"end":{"line":45,"column":36}},"45":{"start":{"line":46,"column":0},"end":{"line":46,"column":28}},"46":{"start":{"line":47,"column":0},"end":{"line":47,"column":42}},"47":{"start":{"line":48,"column":0},"end":{"line":48,"column":49}},"48":{"start":{"line":49,"column":0},"end":{"line":49,"column":6}},"50":{"start":{"line":51,"column":0},"end":{"line":51,"column":64}},"52":{"start":{"line":53,"column":0},"end":{"line":53,"column":71}},"53":{"start":{"line":54,"column":0},"end":{"line":54,"column":22}},"54":{"start":{"line":55,"column":0},"end":{"line":55,"column":40}},"55":{"start":{"line":56,"column":0},"end":{"line":56,"column":5}},"57":{"start":{"line":58,"column":0},"end":{"line":58,"column":39}},"58":{"start":{"line":59,"column":0},"end":{"line":59,"column":14}},"59":{"start":{"line":60,"column":0},"end":{"line":60,"column":54}},"60":{"start":{"line":61,"column":0},"end":{"line":61,"column":6}},"62":{"start":{"line":63,"column":0},"end":{"line":63,"column":23}},"63":{"start":{"line":64,"column":0},"end":{"line":64,"column":63}},"64":{"start":{"line":65,"column":0},"end":{"line":65,"column":74}},"65":{"start":{"line":66,"column":0},"end":{"line":66,"column":5}},"67":{"start":{"line":68,"column":0},"end":{"line":68,"column":56}},"68":{"start":{"line":69,"column":0},"end":{"line":69,"column":3}},"70":{"start":{"line":71,"column":0},"end":{"line":71,"column":30}},"71":{"start":{"line":72,"column":0},"end":{"line":72,"column":27}},"72":{"start":{"line":73,"column":0},"end":{"line":73,"column":35}},"73":{"start":{"line":74,"column":0},"end":{"line":74,"column":22}},"74":{"start":{"line":75,"column":0},"end":{"line":75,"column":64}},"75":{"start":{"line":76,"column":0},"end":{"line":76,"column":27}},"76":{"start":{"line":77,"column":0},"end":{"line":77,"column":6}},"77":{"start":{"line":78,"column":0},"end":{"line":78,"column":3}},"79":{"start":{"line":80,"column":0},"end":{"line":80,"column":29}},"80":{"start":{"line":81,"column":0},"end":{"line":81,"column":27}},"81":{"start":{"line":82,"column":0},"end":{"line":82,"column":22}},"82":{"start":{"line":83,"column":0},"end":{"line":83,"column":62}},"83":{"start":{"line":84,"column":0},"end":{"line":84,"column":69}},"84":{"start":{"line":85,"column":0},"end":{"line":85,"column":37}},"85":{"start":{"line":86,"column":0},"end":{"line":86,"column":6}},"87":{"start":{"line":88,"column":0},"end":{"line":88,"column":32}},"89":{"start":{"line":90,"column":0},"end":{"line":90,"column":18}},"90":{"start":{"line":91,"column":0},"end":{"line":91,"column":56}},"91":{"start":{"line":92,"column":0},"end":{"line":92,"column":5}},"93":{"start":{"line":94,"column":0},"end":{"line":94,"column":21}},"94":{"start":{"line":95,"column":0},"end":{"line":95,"column":54}},"95":{"start":{"line":96,"column":0},"end":{"line":96,"column":5}},"97":{"start":{"line":98,"column":0},"end":{"line":98,"column":8}},"98":{"start":{"line":99,"column":0},"end":{"line":99,"column":50}},"99":{"start":{"line":100,"column":0},"end":{"line":100,"column":47}},"100":{"start":{"line":101,"column":0},"end":{"line":101,"column":7}},"101":{"start":{"line":102,"column":0},"end":{"line":102,"column":48}},"102":{"start":{"line":103,"column":0},"end":{"line":103,"column":5}},"104":{"start":{"line":105,"column":0},"end":{"line":105,"column":54}},"105":{"start":{"line":106,"column":0},"end":{"line":106,"column":3}},"106":{"start":{"line":107,"column":0},"end":{"line":107,"column":1}}},"s":{"2":1,"3":1,"4":1,"32":1,"33":55,"34":55,"36":55,"37":55,"38":55,"39":55,"41":55,"42":8,"43":8,"44":8,"45":8,"46":8,"47":8,"48":8,"50":8,"52":8,"53":8,"54":2,"55":2,"57":8,"58":8,"59":8,"60":8,"62":8,"63":1,"64":1,"65":1,"67":7,"68":8,"70":55,"71":2,"72":2,"73":2,"74":2,"75":2,"76":2,"77":2,"79":55,"80":9,"81":9,"82":9,"83":9,"84":9,"85":9,"87":9,"89":9,"90":2,"91":2,"93":9,"94":2,"95":2,"97":5,"98":5,"99":4,"100":9,"101":3,"102":3,"104":2,"105":9,"106":55},"branchMap":{"0":{"type":"branch","line":33,"loc":{"start":{"line":33,"column":25},"end":{"line":107,"column":1}},"locations":[{"start":{"line":33,"column":25},"end":{"line":107,"column":1}}]},"1":{"type":"branch","line":37,"loc":{"start":{"line":37,"column":2},"end":{"line":40,"column":3}},"locations":[{"start":{"line":37,"column":2},"end":{"line":40,"column":3}}]},"2":{"type":"branch","line":39,"loc":{"start":{"line":39,"column":25},"end":{"line":39,"column":83}},"locations":[{"start":{"line":39,"column":25},"end":{"line":39,"column":83}}]},"3":{"type":"branch","line":39,"loc":{"start":{"line":39,"column":43},"end":{"line":39,"column":69}},"locations":[{"start":{"line":39,"column":43},"end":{"line":39,"column":69}}]},"4":{"type":"branch","line":39,"loc":{"start":{"line":39,"column":52},"end":{"line":39,"column":83}},"locations":[{"start":{"line":39,"column":52},"end":{"line":39,"column":83}}]},"5":{"type":"branch","line":42,"loc":{"start":{"line":42,"column":2},"end":{"line":69,"column":3}},"locations":[{"start":{"line":42,"column":2},"end":{"line":69,"column":3}}]},"6":{"type":"branch","line":54,"loc":{"start":{"line":54,"column":21},"end":{"line":56,"column":5}},"locations":[{"start":{"line":54,"column":21},"end":{"line":56,"column":5}}]},"7":{"type":"branch","line":63,"loc":{"start":{"line":63,"column":22},"end":{"line":66,"column":5}},"locations":[{"start":{"line":63,"column":22},"end":{"line":66,"column":5}}]},"8":{"type":"branch","line":66,"loc":{"start":{"line":66,"column":4},"end":{"line":68,"column":56}},"locations":[{"start":{"line":66,"column":4},"end":{"line":68,"column":56}}]},"9":{"type":"branch","line":71,"loc":{"start":{"line":71,"column":2},"end":{"line":78,"column":3}},"locations":[{"start":{"line":71,"column":2},"end":{"line":78,"column":3}}]},"10":{"type":"branch","line":80,"loc":{"start":{"line":80,"column":2},"end":{"line":106,"column":3}},"locations":[{"start":{"line":80,"column":2},"end":{"line":106,"column":3}}]},"11":{"type":"branch","line":90,"loc":{"start":{"line":90,"column":17},"end":{"line":92,"column":5}},"locations":[{"start":{"line":90,"column":17},"end":{"line":92,"column":5}}]},"12":{"type":"branch","line":92,"loc":{"start":{"line":92,"column":4},"end":{"line":94,"column":20}},"locations":[{"start":{"line":92,"column":4},"end":{"line":94,"column":20}}]},"13":{"type":"branch","line":94,"loc":{"start":{"line":94,"column":20},"end":{"line":96,"column":5}},"locations":[{"start":{"line":94,"column":20},"end":{"line":96,"column":5}}]},"14":{"type":"branch","line":96,"loc":{"start":{"line":96,"column":4},"end":{"line":100,"column":47}},"locations":[{"start":{"line":96,"column":4},"end":{"line":100,"column":47}}]},"15":{"type":"branch","line":96,"loc":{"start":{"line":96,"column":4},"end":{"line":99,"column":50}},"locations":[{"start":{"line":96,"column":4},"end":{"line":99,"column":50}}]},"16":{"type":"branch","line":99,"loc":{"start":{"line":99,"column":36},"end":{"line":100,"column":47}},"locations":[{"start":{"line":99,"column":36},"end":{"line":100,"column":47}}]},"17":{"type":"branch","line":101,"loc":{"start":{"line":101,"column":6},"end":{"line":105,"column":54}},"locations":[{"start":{"line":101,"column":6},"end":{"line":105,"column":54}}]},"18":{"type":"branch","line":101,"loc":{"start":{"line":101,"column":6},"end":{"line":103,"column":5}},"locations":[{"start":{"line":101,"column":6},"end":{"line":103,"column":5}}]},"19":{"type":"branch","line":103,"loc":{"start":{"line":103,"column":4},"end":{"line":105,"column":54}},"locations":[{"start":{"line":103,"column":4},"end":{"line":105,"column":54}}]}},"b":{"0":[55],"1":[55],"2":[54],"3":[3],"4":[51],"5":[8],"6":[2],"7":[1],"8":[7],"9":[2],"10":[9],"11":[2],"12":[7],"13":[2],"14":[7],"15":[5],"16":[4],"17":[6],"18":[3],"19":[2]},"fnMap":{"0":{"name":"<instance_members_initializer>","decl":{"start":{"line":33,"column":25},"end":{"line":107,"column":1}},"loc":{"start":{"line":33,"column":25},"end":{"line":107,"column":1}},"line":33},"1":{"name":"DFlowClient","decl":{"start":{"line":37,"column":2},"end":{"line":40,"column":3}},"loc":{"start":{"line":37,"column":2},"end":{"line":40,"column":3}},"line":37},"2":{"name":"getOrder","decl":{"start":{"line":42,"column":2},"end":{"line":69,"column":3}},"loc":{"start":{"line":42,"column":2},"end":{"line":69,"column":3}},"line":42},"3":{"name":"sendSignedTransaction","decl":{"start":{"line":71,"column":2},"end":{"line":78,"column":3}},"loc":{"start":{"line":71,"column":2},"end":{"line":78,"column":3}},"line":71},"4":{"name":"getTransactionStatus","decl":{"start":{"line":80,"column":2},"end":{"line":106,"column":3}},"loc":{"start":{"line":80,"column":2},"end":{"line":106,"column":3}},"line":80}},"f":{"0":55,"1":55,"2":8,"3":2,"4":9}}
,"/Users/pedroapfilho/conductor/workspaces/vertigo-sdk/mumbai/src/index.ts": {"path":"/Users/pedroapfilho/conductor/workspaces/vertigo-sdk/mumbai/src/index.ts","all":true,"statementMap":{"0":{"start":{"line":1,"column":0},"end":{"line":1,"column":40}}},"s":{"0":0},"branchMap":{"0":{"type":"branch","line":1,"loc":{"start":{"line":1,"column":238},"end":{"line":16,"column":16}},"locations":[{"start":{"line":1,"column":238},"end":{"line":16,"column":16}}]}},"b":{"0":[0]},"fnMap":{"0":{"name":"(empty-report)","decl":{"start":{"line":1,"column":238},"end":{"line":16,"column":16}},"loc":{"start":{"line":1,"column":238},"end":{"line":16,"column":16}},"line":1}},"f":{"0":0}}
,"/Users/pedroapfilho/conductor/workspaces/vertigo-sdk/mumbai/src/types.ts": {"path":"/Users/pedroapfilho/conductor/workspaces/vertigo-sdk/mumbai/src/types.ts","all":true,"statementMap":{},"s":{},"branchMap":{"0":{"type":"branch","line":1,"loc":{"start":{"line":1,"column":2503},"end":{"line":125,"column":1}},"locations":[{"start":{"line":1,"column":2503},"end":{"line":125,"column":1}}]}},"b":{"0":[1]},"fnMap":{"0":{"name":"(empty-report)","decl":{"start":{"line":1,"column":2503},"end":{"line":125,"column":1}},"loc":{"start":{"line":1,"column":2503},"end":{"line":125,"column":1}},"line":1}},"f":{"0":1}}
}
